/home/varsha/miniconda3/envs/ex1/lib/python3.6/site-packages/quast-5.0.2-py3.6.egg-info/scripts/quast.py srinivasan_assembly.fna

Version: 5.0.2

System information:
  OS: Linux-6.2.0-37-generic-x86_64-with-debian-bookworm-sid (linux_64)
  Python version: 3.6.13
  CPUs number: 8

Started: 2024-05-30 04:05:44

Logging to /home/varsha/quast_results/results_2024_05_30_04_05_43/quast.log
NOTICE: Maximum number of threads is set to 2 (use --threads option to set it manually)

CWD: /home/varsha
Main parameters: 
  MODE: default, threads: 2, minimum contig length: 500, minimum alignment length: 65, \
  ambiguity: one, threshold for extensive misassembly size: 1000

Contigs:
  Pre-processing...
  srinivasan_assembly.fna ==> srinivasan_assembly

2024-05-30 04:05:47
Running Basic statistics processor...
  Contig files: 
    srinivasan_assembly
  Calculating N50 and L50...
    srinivasan_assembly, N50 = 323395, L50 = 7, Total length = 6595759, GC % = 64.11, # N's per 100 kbp =  0.00
  Drawing Nx plot...
    saved to /home/varsha/quast_results/results_2024_05_30_04_05_43/basic_stats/Nx_plot.pdf
  Drawing cumulative plot...
    saved to /home/varsha/quast_results/results_2024_05_30_04_05_43/basic_stats/cumulative_plot.pdf
  Drawing GC content plot...
    saved to /home/varsha/quast_results/results_2024_05_30_04_05_43/basic_stats/GC_content_plot.pdf
  Drawing srinivasan_assembly GC content plot...
    saved to /home/varsha/quast_results/results_2024_05_30_04_05_43/basic_stats/srinivasan_assembly_GC_content_plot.pdf
Done.

NOTICE: Genes are not predicted by default. Use --gene-finding or --glimmer option to enable it.

2024-05-30 04:05:48
Creating large visual summaries...
This may take a while: press Ctrl-C to skip this step..
  1 of 2: Creating Icarus viewers...
  2 of 2: Creating PDF with all tables and plots...
Done

2024-05-30 04:05:48
RESULTS:
  Text versions of total report are saved to /home/varsha/quast_results/results_2024_05_30_04_05_43/report.txt, report.tsv, and report.tex
  Text versions of transposed total report are saved to /home/varsha/quast_results/results_2024_05_30_04_05_43/transposed_report.txt, transposed_report.tsv, and transposed_report.tex
  HTML version (interactive tables and plots) is saved to /home/varsha/quast_results/results_2024_05_30_04_05_43/report.html
  PDF version (tables and plots) is saved to /home/varsha/quast_results/results_2024_05_30_04_05_43/report.pdf
  Icarus (contig browser) is saved to /home/varsha/quast_results/results_2024_05_30_04_05_43/icarus.html
  Log is saved to /home/varsha/quast_results/results_2024_05_30_04_05_43/quast.log

Finished: 2024-05-30 04:05:48
Elapsed time: 0:00:04.780472
NOTICEs: 2; WARNINGs: 0; non-fatal ERRORs: 0

Thank you for using QUAST!
